2025-10-10 16:46:25 - Gateway - INFO - [main.py:31] - Initializing Gateway...
2025-10-10 16:46:25 - Gateway - ERROR - [main.py:97] - Failed to load config: [Errno 2] No such file or directory: 'config/config.json'
2025-10-10 16:46:54 - Gateway - INFO - [main.py:24] - Initializing Gateway...
2025-10-10 16:46:54 - Gateway - ERROR - [main.py:90] - Failed to load config: [Errno 2] No such file or directory: 'config/config.json'
2025-10-10 16:47:10 - Gateway - INFO - [main.py:24] - Initializing Gateway...
2025-10-10 16:47:10 - Gateway - ERROR - [main.py:90] - Failed to load config: Expecting value: line 1 column 1 (char 0)
2025-10-10 19:58:07 - Gateway - INFO - [main.py:24] - Initializing Gateway...
2025-10-10 19:58:07 - Gateway - INFO - [database.py:73] - devices.json not found, using default
2025-10-10 19:58:07 - Gateway - INFO - [database.py:73] - settings.json not found, using default
2025-10-10 19:58:07 - Gateway - INFO - [database.py:55] - Loaded database: 0 devices, 0 RFID cards, 0 passwords
2025-10-10 19:58:07 - Gateway - INFO - [database.py:33] - Database initialized at data
2025-10-10 20:19:17 - Gateway - INFO - [main.py:24] - Initializing Gateway...
2025-10-10 20:19:17 - Gateway - INFO - [database.py:73] - ./config/devices.json not found, using default
2025-10-10 20:19:17 - Gateway - INFO - [database.py:73] - ./config/settings.json not found, using default
2025-10-10 20:19:17 - Gateway - INFO - [database.py:55] - Loaded database: 0 devices, 0 RFID cards, 0 passwords
2025-10-10 20:19:17 - Gateway - INFO - [database.py:33] - Database initialized at data
2025-10-10 20:19:54 - Gateway - INFO - [main.py:24] - Initializing Gateway...
2025-10-10 20:19:54 - Gateway - INFO - [database.py:73] - ../config/devices.json not found, using default
2025-10-10 20:19:54 - Gateway - INFO - [database.py:73] - ../config/settings.json not found, using default
2025-10-10 20:19:54 - Gateway - INFO - [database.py:55] - Loaded database: 0 devices, 0 RFID cards, 0 passwords
2025-10-10 20:19:54 - Gateway - INFO - [database.py:33] - Database initialized at data
2025-10-10 20:28:38 - Gateway - INFO - [main.py:24] - Initializing Gateway...
2025-10-10 20:28:38 - Gateway - INFO - [database.py:73] - ../config/devices.json not found, using default
2025-10-10 20:28:38 - Gateway - INFO - [database.py:73] - ../config/settings.json not found, using default
2025-10-10 20:28:38 - Gateway - INFO - [database.py:55] - Loaded database: 0 devices, 0 RFID cards, 0 passwords
2025-10-10 20:28:38 - Gateway - INFO - [database.py:33] - Database initialized at data
2025-10-10 20:28:56 - Gateway - INFO - [main.py:24] - Initializing Gateway...
2025-10-10 20:28:56 - Gateway - INFO - [database.py:73] - devices.json not found, using default
2025-10-10 20:28:56 - Gateway - INFO - [database.py:73] - settings.json not found, using default
2025-10-10 20:28:56 - Gateway - INFO - [database.py:55] - Loaded database: 0 devices, 0 RFID cards, 0 passwords
2025-10-10 20:28:56 - Gateway - INFO - [database.py:33] - Database initialized at data
2025-10-10 20:29:36 - Gateway - INFO - [main.py:24] - Initializing Gateway...
2025-10-10 20:29:36 - Gateway - ERROR - [database.py:76] - JSON decode error in settings.json: Expecting property name enclosed in double quotes: line 6 column 5 (char 89)
2025-10-10 20:29:36 - Gateway - INFO - [database.py:55] - Loaded database: 4 devices, 4 RFID cards, 4 passwords
2025-10-10 20:29:36 - Gateway - INFO - [database.py:33] - Database initialized at ..\config
2025-10-10 20:30:04 - Gateway - INFO - [main.py:24] - Initializing Gateway...
2025-10-10 20:30:04 - Gateway - INFO - [database.py:55] - Loaded database: 4 devices, 4 RFID cards, 4 passwords
2025-10-10 20:30:04 - Gateway - INFO - [database.py:33] - Database initialized at ..\config
2025-10-10 22:18:28 - Gateway - INFO - [main.py:24] - Initializing Gateway...
2025-10-10 22:18:28 - Gateway - INFO - [database.py:55] - Loaded database: 4 devices, 4 RFID cards, 4 passwords
2025-10-10 22:18:28 - Gateway - INFO - [database.py:33] - Database initialized at ..\config
