2025-10-27 23:02:20,168 - gateway3 - INFO - ============================================================
2025-10-27 23:02:20,169 - gateway3 - INFO -  Starting Gateway 3 (User 3 - Temp + Fan via MQTT)
2025-10-27 23:02:20,169 - gateway3 - INFO - ============================================================
2025-10-27 23:02:20,169 - gateway3 - INFO -  Connecting to Local Broker...
2025-10-27 23:02:20,283 - gateway3 - INFO -  Connected to Local Broker
2025-10-27 23:02:20,283 - gateway3 - ERROR -  Local Broker Connection Failed: 5
2025-10-27 23:02:20,284 - gateway3 - WARNING -  Local Broker Disconnected
2025-10-27 23:02:21,297 - gateway3 - ERROR -  Local Broker Connection Failed: 5
2025-10-27 23:02:21,297 - gateway3 - WARNING -  Local Broker Disconnected
2025-10-27 23:02:22,288 - gateway3 - INFO -  Connecting to VPS Broker...
2025-10-27 23:02:22,573 - gateway3 - INFO -  Connected to VPS Broker
2025-10-27 23:02:22,644 - gateway3 - INFO -  VPS Broker Connected
2025-10-27 23:02:22,644 - gateway3 - INFO -  Subscribed to: gateway/Gateway3/command/#
2025-10-27 23:02:23,329 - gateway3 - ERROR -  Local Broker Connection Failed: 5
2025-10-27 23:02:23,331 - gateway3 - WARNING -  Local Broker Disconnected
2025-10-27 23:02:24,587 - gateway3 - INFO - ============================================================
2025-10-27 23:02:24,587 - gateway3 - INFO -  Heartbeat sent
2025-10-27 23:02:24,588 - gateway3 - INFO -  Gateway 3 Running Successfully
2025-10-27 23:02:24,588 - gateway3 - INFO -  Local: Connected to 192.168.1.205
2025-10-27 23:02:24,589 - gateway3 - INFO -   VPS: Connected to 159.223.63.61
2025-10-27 23:02:24,589 - gateway3 - INFO -  Automation: ENABLED
2025-10-27 23:02:24,589 - gateway3 - INFO -  Temp Threshold: 30.0°C
2025-10-27 23:02:24,590 - gateway3 - INFO - ============================================================
2025-10-27 23:02:27,349 - gateway3 - ERROR -  Local Broker Connection Failed: 5
2025-10-27 23:02:27,350 - gateway3 - WARNING -  Local Broker Disconnected
2025-10-27 23:02:35,359 - gateway3 - ERROR -  Local Broker Connection Failed: 5
2025-10-27 23:02:35,360 - gateway3 - WARNING -  Local Broker Disconnected
2025-10-27 23:02:51,389 - gateway3 - ERROR -  Local Broker Connection Failed: 5
2025-10-27 23:02:51,390 - gateway3 - WARNING -  Local Broker Disconnected
2025-10-27 23:03:23,408 - gateway3 - ERROR -  Local Broker Connection Failed: 5
2025-10-27 23:03:23,410 - gateway3 - WARNING -  Local Broker Disconnected
2025-10-27 23:03:24,602 - gateway3 - INFO -  Heartbeat sent
2025-10-27 23:03:38,114 - gateway3 - INFO -  Shutting down Gateway 3...
2025-10-27 23:03:38,802 - gateway3 - INFO -  Gateway 3 stopped
2025-10-27 23:03:43,864 - gateway3 - INFO - ============================================================
2025-10-27 23:03:43,864 - gateway3 - INFO -  Starting Gateway 3 (User 3 - Temp + Fan via MQTT)
2025-10-27 23:03:43,865 - gateway3 - INFO - ============================================================
2025-10-27 23:03:43,865 - gateway3 - INFO -  Connecting to Local Broker...
2025-10-27 23:03:43,877 - gateway3 - INFO -  Connected to Local Broker
2025-10-27 23:03:43,877 - gateway3 - INFO -  Local Broker Connected
2025-10-27 23:03:43,879 - gateway3 - INFO -  Subscribed to: home/devices/temp_01/telemetry
2025-10-27 23:03:43,879 - gateway3 - INFO -  Subscribed to: home/devices/temp_01/status
2025-10-27 23:03:43,879 - gateway3 - INFO -  Subscribed to: home/devices/fan_01/status
2025-10-27 23:03:43,880 - gateway3 - INFO -  Subscribed to: home/devices/fan_01/telemetry
2025-10-27 23:03:45,882 - gateway3 - INFO -  Connecting to VPS Broker...
2025-10-27 23:03:46,388 - gateway3 - INFO -  Connected to VPS Broker
2025-10-27 23:03:46,459 - gateway3 - INFO -  VPS Broker Connected
2025-10-27 23:03:46,460 - gateway3 - INFO -  Subscribed to: gateway/Gateway3/command/#
2025-10-27 23:03:48,394 - gateway3 - INFO - ============================================================
2025-10-27 23:03:48,394 - gateway3 - INFO -  Heartbeat sent
2025-10-27 23:03:48,395 - gateway3 - INFO -  Gateway 3 Running Successfully
2025-10-27 23:03:48,395 - gateway3 - INFO -  Local: Connected to 192.168.1.205
2025-10-27 23:03:48,396 - gateway3 - INFO -   VPS: Connected to 159.223.63.61
2025-10-27 23:03:48,396 - gateway3 - INFO -  Automation: ENABLED
2025-10-27 23:03:48,396 - gateway3 - INFO -  Temp Threshold: 30.0°C
2025-10-27 23:03:48,397 - gateway3 - INFO - ============================================================
2025-10-27 23:04:48,410 - gateway3 - INFO -  Heartbeat sent
2025-10-27 23:05:48,426 - gateway3 - INFO -  Heartbeat sent
2025-10-27 23:06:48,434 - gateway3 - INFO -  Heartbeat sent
2025-10-27 23:07:48,438 - gateway3 - INFO -  Heartbeat sent
2025-10-27 23:08:48,457 - gateway3 - INFO -  Heartbeat sent
2025-10-27 23:09:48,469 - gateway3 - INFO -  Heartbeat sent
2025-10-27 23:10:48,482 - gateway3 - INFO -  Heartbeat sent
2025-10-27 23:11:48,495 - gateway3 - INFO -  Heartbeat sent
2025-10-27 23:12:48,500 - gateway3 - INFO -  Heartbeat sent
2025-10-27 23:13:48,514 - gateway3 - INFO -  Heartbeat sent
2025-10-27 23:14:48,526 - gateway3 - INFO -  Heartbeat sent
2025-10-27 23:15:48,532 - gateway3 - INFO -  Heartbeat sent
2025-10-27 23:16:29,256 - gateway3 - WARNING -  VPS Broker Disconnected
2025-10-27 23:16:48,539 - gateway3 - WARNING -  VPS not connected, message buffered locally
2025-10-27 23:16:48,540 - gateway3 - INFO -  Heartbeat sent
2025-10-27 23:17:48,560 - gateway3 - WARNING -  VPS not connected, message buffered locally
2025-10-27 23:17:48,560 - gateway3 - INFO -  Heartbeat sent
2025-10-27 23:18:48,574 - gateway3 - WARNING -  VPS not connected, message buffered locally
2025-10-27 23:18:48,574 - gateway3 - INFO -  Heartbeat sent
2025-10-27 23:18:52,237 - gateway3 - INFO -  VPS Broker Connected
2025-10-27 23:18:52,238 - gateway3 - INFO -  Subscribed to: gateway/Gateway3/command/#
2025-10-27 23:19:48,583 - gateway3 - INFO -  Heartbeat sent
2025-10-27 23:20:48,597 - gateway3 - INFO -  Heartbeat sent
2025-10-27 23:21:48,608 - gateway3 - INFO -  Heartbeat sent
2025-10-27 23:22:48,611 - gateway3 - INFO -  Heartbeat sent
2025-10-27 23:23:48,618 - gateway3 - INFO -  Heartbeat sent
2025-10-27 23:24:48,623 - gateway3 - INFO -  Heartbeat sent
2025-10-27 23:25:48,632 - gateway3 - INFO -  Heartbeat sent
2025-10-27 23:26:21,936 - gateway3 - WARNING -  VPS Broker Disconnected
2025-10-27 23:26:48,644 - gateway3 - WARNING -  VPS not connected, message buffered locally
2025-10-27 23:26:48,644 - gateway3 - INFO -  Heartbeat sent
2025-10-27 23:27:37,797 - gateway3 - INFO -  VPS Broker Connected
2025-10-27 23:27:37,798 - gateway3 - INFO -  Subscribed to: gateway/Gateway3/command/#
2025-10-27 23:27:48,650 - gateway3 - INFO -  Heartbeat sent
2025-10-27 23:28:48,664 - gateway3 - INFO -  Heartbeat sent
2025-10-27 23:29:48,672 - gateway3 - INFO -  Heartbeat sent
2025-10-27 23:30:48,678 - gateway3 - INFO -  Heartbeat sent
2025-10-27 23:31:48,688 - gateway3 - INFO -  Heartbeat sent
2025-10-27 23:32:48,690 - gateway3 - INFO -  Heartbeat sent
2025-10-27 23:33:48,693 - gateway3 - INFO -  Heartbeat sent
2025-10-27 23:34:48,699 - gateway3 - INFO -  Heartbeat sent
2025-10-27 23:35:48,701 - gateway3 - INFO -  Heartbeat sent
2025-10-27 23:36:48,702 - gateway3 - INFO -  Heartbeat sent
2025-10-27 23:37:48,703 - gateway3 - INFO -  Heartbeat sent
2025-10-27 23:38:48,721 - gateway3 - INFO -  Heartbeat sent
2025-10-27 23:39:48,728 - gateway3 - INFO -  Heartbeat sent
2025-10-27 23:40:48,738 - gateway3 - INFO -  Heartbeat sent
2025-10-27 23:41:48,760 - gateway3 - INFO -  Heartbeat sent
2025-10-27 23:42:48,775 - gateway3 - INFO -  Heartbeat sent
2025-10-27 23:43:48,788 - gateway3 - INFO -  Heartbeat sent
2025-10-27 23:44:48,804 - gateway3 - INFO -  Heartbeat sent
2025-10-27 23:45:48,807 - gateway3 - INFO -  Heartbeat sent
2025-10-27 23:46:48,822 - gateway3 - INFO -  Heartbeat sent
2025-10-27 23:47:48,838 - gateway3 - INFO -  Heartbeat sent
2025-10-27 23:48:48,859 - gateway3 - INFO -  Heartbeat sent
2025-10-27 23:49:48,860 - gateway3 - INFO -  Heartbeat sent
2025-10-27 23:50:48,876 - gateway3 - INFO -  Heartbeat sent
2025-10-27 23:51:48,884 - gateway3 - INFO -  Heartbeat sent
2025-10-27 23:52:48,886 - gateway3 - INFO -  Heartbeat sent
2025-10-27 23:53:48,888 - gateway3 - INFO -  Heartbeat sent
2025-10-27 23:54:48,892 - gateway3 - INFO -  Heartbeat sent
2025-10-27 23:55:48,896 - gateway3 - INFO -  Heartbeat sent
2025-10-27 23:56:48,906 - gateway3 - INFO -  Heartbeat sent
2025-10-27 23:57:48,914 - gateway3 - INFO -  Heartbeat sent
2025-10-27 23:58:48,917 - gateway3 - INFO -  Heartbeat sent
2025-10-27 23:59:48,931 - gateway3 - INFO -  Heartbeat sent
2025-10-27 23:59:59,692 - gateway3 - WARNING -  VPS Broker Disconnected
2025-10-28 00:00:48,934 - gateway3 - WARNING -  VPS not connected, message buffered locally
2025-10-28 00:00:48,934 - gateway3 - INFO -  Heartbeat sent
2025-10-28 00:01:48,945 - gateway3 - WARNING -  VPS not connected, message buffered locally
2025-10-28 00:01:48,945 - gateway3 - INFO -  Heartbeat sent
2025-10-28 00:02:22,133 - gateway3 - INFO -  VPS Broker Connected
2025-10-28 00:02:22,134 - gateway3 - INFO -  Subscribed to: gateway/Gateway3/command/#
2025-10-28 00:02:48,959 - gateway3 - INFO -  Heartbeat sent
2025-10-28 00:03:48,966 - gateway3 - INFO -  Heartbeat sent
2025-10-28 00:04:48,968 - gateway3 - INFO -  Heartbeat sent
2025-10-28 00:05:48,977 - gateway3 - INFO -  Heartbeat sent
2025-10-28 00:06:48,993 - gateway3 - INFO -  Heartbeat sent
2025-10-28 00:07:49,005 - gateway3 - INFO -  Heartbeat sent
2025-10-28 00:08:49,007 - gateway3 - INFO -  Heartbeat sent
2025-10-28 00:09:49,023 - gateway3 - INFO -  Heartbeat sent
2025-10-28 00:10:17,340 - gateway3 - WARNING -  VPS Broker Disconnected
2025-10-28 00:10:49,035 - gateway3 - WARNING -  VPS not connected, message buffered locally
2025-10-28 00:10:49,035 - gateway3 - INFO -  Heartbeat sent
2025-10-28 00:11:49,046 - gateway3 - WARNING -  VPS not connected, message buffered locally
2025-10-28 00:11:49,046 - gateway3 - INFO -  Heartbeat sent
2025-10-28 00:12:49,049 - gateway3 - WARNING -  VPS not connected, message buffered locally
2025-10-28 00:12:49,049 - gateway3 - INFO -  Heartbeat sent
2025-10-28 00:13:49,051 - gateway3 - WARNING -  VPS not connected, message buffered locally
2025-10-28 00:13:49,051 - gateway3 - INFO -  Heartbeat sent
2025-10-28 00:14:49,067 - gateway3 - WARNING -  VPS not connected, message buffered locally
2025-10-28 00:14:49,067 - gateway3 - INFO -  Heartbeat sent
2025-10-28 00:15:49,075 - gateway3 - WARNING -  VPS not connected, message buffered locally
2025-10-28 00:15:49,075 - gateway3 - INFO -  Heartbeat sent
2025-10-28 00:16:49,078 - gateway3 - WARNING -  VPS not connected, message buffered locally
2025-10-28 00:16:49,078 - gateway3 - INFO -  Heartbeat sent
2025-10-28 00:17:49,090 - gateway3 - WARNING -  VPS not connected, message buffered locally
2025-10-28 00:17:49,090 - gateway3 - INFO -  Heartbeat sent
2025-10-28 00:18:49,091 - gateway3 - WARNING -  VPS not connected, message buffered locally
2025-10-28 00:18:49,091 - gateway3 - INFO -  Heartbeat sent
2025-10-28 00:19:49,107 - gateway3 - WARNING -  VPS not connected, message buffered locally
2025-10-28 00:19:49,108 - gateway3 - INFO -  Heartbeat sent
2025-10-28 00:20:49,127 - gateway3 - WARNING -  VPS not connected, message buffered locally
2025-10-28 00:20:49,127 - gateway3 - INFO -  Heartbeat sent
2025-10-28 00:21:49,133 - gateway3 - WARNING -  VPS not connected, message buffered locally
2025-10-28 00:21:49,133 - gateway3 - INFO -  Heartbeat sent
2025-10-28 00:22:49,136 - gateway3 - WARNING -  VPS not connected, message buffered locally
2025-10-28 00:22:49,136 - gateway3 - INFO -  Heartbeat sent
2025-10-28 00:23:49,141 - gateway3 - WARNING -  VPS not connected, message buffered locally
2025-10-28 00:23:49,141 - gateway3 - INFO -  Heartbeat sent
2025-10-28 00:24:49,145 - gateway3 - WARNING -  VPS not connected, message buffered locally
2025-10-28 00:24:49,145 - gateway3 - INFO -  Heartbeat sent
2025-10-28 00:24:54,776 - gateway3 - INFO -  VPS Broker Connected
2025-10-28 00:24:54,777 - gateway3 - INFO -  Subscribed to: gateway/Gateway3/command/#
2025-10-28 00:25:49,152 - gateway3 - INFO -  Heartbeat sent
2025-10-28 00:26:49,156 - gateway3 - INFO -  Heartbeat sent
2025-10-28 00:27:49,162 - gateway3 - INFO -  Heartbeat sent
2025-10-28 00:28:49,171 - gateway3 - INFO -  Heartbeat sent
2025-10-28 00:29:49,177 - gateway3 - INFO -  Heartbeat sent
2025-10-28 00:30:49,190 - gateway3 - INFO -  Heartbeat sent
2025-10-28 00:31:49,191 - gateway3 - INFO -  Heartbeat sent
2025-10-28 00:32:03,006 - gateway3 - WARNING -  VPS Broker Disconnected
