2025-10-24 10:02:56,570 - gateway - INFO - Checking prerequisites...
2025-10-24 10:02:56,586 - gateway - INFO - ============================================================
2025-10-24 10:02:56,586 - gateway - INFO - Initializing IoT Gateway
2025-10-24 10:02:56,586 - gateway - INFO - ============================================================
2025-10-24 10:02:56,586 - gateway - INFO - [REMOTE] Unified Remote Control Manager initialized
2025-10-24 10:02:56,586 - gateway - INFO - [REMOTE] Supported devices: Keypad, RFID Gate, Fan
2025-10-24 10:02:56,586 - gateway - INFO - [AUTOMATION] Automation engine integrated
2025-10-24 10:02:56,586 - gateway - INFO - Setting up Local MQTT Broker connection...
2025-10-24 10:02:56,803 - gateway - INFO - Local MQTT connection initiated
2025-10-24 10:02:56,803 - gateway - INFO - Setting up VPS MQTT Broker connection...
2025-10-24 10:02:57,152 - gateway - INFO - VPS MQTT connection initiated
2025-10-24 10:02:57,168 - gateway - INFO - Gateway initialization complete
2025-10-24 10:02:57,168 - gateway - INFO - ============================================================
2025-10-24 10:02:57,168 - gateway - INFO - IoT Gateway Started Successfully
2025-10-24 10:02:57,168 - gateway - INFO - Local MQTT: 192.168.1.205:1884
2025-10-24 10:02:57,168 - gateway - INFO - VPS MQTT: 159.223.63.61:8883
2025-10-24 10:02:57,168 - gateway - INFO - Features: Remote Control (Keypad, RFID, Fan), Automation Engine
2025-10-24 10:02:57,168 - gateway - INFO - ============================================================
2025-10-24 10:04:16,457 - gateway - INFO - 
[SHUTDOWN] Received interrupt signal
2025-10-24 10:04:16,457 - gateway - INFO - [SHUTDOWN] Cleaning up connections...
2025-10-24 10:04:17,566 - gateway - INFO - [SHUTDOWN] Gateway stopped cleanly
2025-10-24 10:04:17,566 - gateway - INFO - [SHUTDOWN] Cleaning up connections...
2025-10-24 10:04:17,566 - gateway - INFO - [SHUTDOWN] Gateway stopped cleanly
2025-10-24 10:05:12,285 - gateway - INFO - Checking prerequisites...
2025-10-24 10:05:12,285 - gateway - INFO - ============================================================
2025-10-24 10:05:12,285 - gateway - INFO - Initializing IoT Gateway
2025-10-24 10:05:12,285 - gateway - INFO - ============================================================
2025-10-24 10:05:12,285 - gateway - INFO - [REMOTE] Unified Remote Control Manager initialized
2025-10-24 10:05:12,285 - gateway - INFO - [REMOTE] Supported devices: Keypad, RFID Gate, Fan
2025-10-24 10:05:12,285 - gateway - INFO - [AUTOMATION] Automation engine integrated
2025-10-24 10:05:12,285 - gateway - INFO - Setting up Local MQTT Broker connection...
2025-10-24 10:05:12,508 - gateway - INFO - Local MQTT connection initiated
2025-10-24 10:05:12,508 - gateway - INFO - Setting up VPS MQTT Broker connection...
2025-10-24 10:05:12,939 - gateway - INFO - VPS MQTT connection initiated
2025-10-24 10:05:12,939 - gateway - INFO - Gateway initialization complete
2025-10-24 10:05:12,939 - gateway - INFO - ============================================================
2025-10-24 10:05:12,939 - gateway - INFO - IoT Gateway Started Successfully
2025-10-24 10:05:12,939 - gateway - INFO - Local MQTT: 192.168.1.205:1884
2025-10-24 10:05:12,939 - gateway - INFO - VPS MQTT: 159.223.63.61:8883
2025-10-24 10:05:12,939 - gateway - INFO - Features: Remote Control (Keypad, RFID, Fan), Automation Engine
2025-10-24 10:05:12,939 - gateway - INFO - ============================================================
2025-10-24 22:19:08,757 - gateway - INFO - Checking prerequisites...
2025-10-24 22:19:08,785 - gateway - INFO - ============================================================
2025-10-24 22:19:08,785 - gateway - INFO - Initializing IoT Gateway
2025-10-24 22:19:08,785 - gateway - INFO - ============================================================
2025-10-24 22:19:08,810 - gateway - INFO - [REMOTE] Unified Remote Control Manager initialized
2025-10-24 22:19:08,811 - gateway - INFO - [REMOTE] Supported devices: Keypad, RFID Gate, Fan
2025-10-24 22:19:08,811 - gateway - INFO - [AUTOMATION] Automation engine integrated
2025-10-24 22:19:08,812 - gateway - INFO - Setting up Local MQTT Broker connection...
2025-10-24 22:19:09,127 - gateway - INFO - Local MQTT connection initiated
2025-10-24 22:19:09,127 - gateway - INFO - Setting up VPS MQTT Broker connection...
2025-10-24 22:19:09,626 - gateway - INFO - VPS MQTT connection initiated
2025-10-24 22:19:09,655 - gateway - INFO - Gateway initialization complete
2025-10-24 22:19:09,655 - gateway - INFO - ============================================================
2025-10-24 22:19:09,655 - gateway - INFO - IoT Gateway Started Successfully
2025-10-24 22:19:09,655 - gateway - INFO - Local MQTT: 192.168.1.205:1884
2025-10-24 22:19:09,655 - gateway - INFO - VPS MQTT: 159.223.63.61:8883
2025-10-24 22:19:09,655 - gateway - INFO - Features: Remote Control (Keypad, RFID, Fan), Automation Engine
2025-10-24 22:19:09,655 - gateway - INFO - ============================================================
2025-10-24 22:19:09,722 - gateway - INFO - [BUFFER] Flushing 1 buffered messages
2025-10-24 22:19:09,780 - gateway - INFO - [BUFFER] Flush complete
2025-10-24 22:19:36,639 - gateway - INFO - [AUTOMATION] Temperature 26.1°C (threshold: 28.0°C)
2025-10-24 22:19:36,646 - gateway - INFO - [AUTOMATION] Triggering: fan_off
2025-10-24 22:19:36,646 - gateway - INFO - [REMOTE] Sent MQTT command to fan_01: fan_off
2025-10-24 22:19:36,648 - gateway - INFO - [AUTOMATION] Logged fan_off for fan_01 (temp: 26.1°C)
2025-10-24 22:24:09,685 - gateway - INFO - [STATS] RX: 11, TX: 12, Buffered: 0, Remote Cmds: 0, Auto Triggers: 10, Temp: 26.0°C, Fan: off, Local: OK, VPS: OK
2025-10-24 22:29:09,729 - gateway - INFO - [STATS] RX: 21, TX: 22, Buffered: 0, Remote Cmds: 0, Auto Triggers: 20, Temp: 26.1°C, Fan: off, Local: OK, VPS: OK
2025-10-24 22:33:43,853 - gateway - INFO - 
[SHUTDOWN] Received interrupt signal
2025-10-24 22:33:43,853 - gateway - INFO - [SHUTDOWN] Cleaning up connections...
2025-10-24 22:33:45,984 - gateway - INFO - [SHUTDOWN] Gateway stopped cleanly
2025-10-24 22:33:45,984 - gateway - INFO - [SHUTDOWN] Cleaning up connections...
2025-10-24 22:33:45,984 - gateway - INFO - [SHUTDOWN] Gateway stopped cleanly
2025-10-24 22:35:05,084 - gateway - INFO - Checking prerequisites...
2025-10-24 22:35:05,087 - gateway - INFO - ============================================================
2025-10-24 22:35:05,087 - gateway - INFO - Initializing IoT Gateway
2025-10-24 22:35:05,087 - gateway - INFO - ============================================================
2025-10-24 22:35:05,089 - gateway - INFO - [REMOTE] Unified Remote Control Manager initialized
2025-10-24 22:35:05,089 - gateway - INFO - [REMOTE] Supported devices: Keypad, RFID Gate, Fan
2025-10-24 22:35:05,089 - gateway - INFO - [AUTOMATION] Automation engine integrated
2025-10-24 22:35:05,089 - gateway - INFO - Setting up Local MQTT Broker connection...
2025-10-24 22:35:05,301 - gateway - INFO - Local MQTT connection initiated
2025-10-24 22:35:05,302 - gateway - INFO - Setting up VPS MQTT Broker connection...
2025-10-24 22:35:40,686 - gateway - INFO - VPS MQTT connection initiated
2025-10-24 22:35:40,689 - gateway - INFO - Gateway initialization complete
2025-10-24 22:35:40,690 - gateway - INFO - ============================================================
2025-10-24 22:35:40,690 - gateway - INFO - IoT Gateway Started Successfully
2025-10-24 22:35:40,690 - gateway - INFO - Local MQTT: 192.168.1.205:1884
2025-10-24 22:35:40,690 - gateway - INFO - VPS MQTT: 159.223.63.61:8883
2025-10-24 22:35:40,690 - gateway - INFO - Features: Remote Control (Keypad, RFID, Fan), Automation Engine
2025-10-24 22:35:40,692 - gateway - INFO - ============================================================
2025-10-24 22:36:10,647 - gateway - INFO - [AUTOMATION] Temperature 26.1°C (threshold: 28.0°C)
2025-10-24 22:36:10,647 - gateway - INFO - [AUTOMATION] Triggering: fan_off
2025-10-24 22:36:10,651 - gateway - INFO - [REMOTE] Sent MQTT command to fan_01: fan_off
2025-10-24 22:36:10,652 - gateway - INFO - [AUTOMATION] Logged fan_off for fan_01 (temp: 26.1°C)
2025-10-24 22:36:15,445 - gateway - INFO - [BUFFER] Flushing 4 buffered messages
2025-10-24 22:36:15,683 - gateway - INFO - [BUFFER] Flush complete
2025-10-24 22:39:40,802 - gateway - INFO - 
[SHUTDOWN] Received interrupt signal
2025-10-24 22:39:40,802 - gateway - INFO - [SHUTDOWN] Cleaning up connections...
2025-10-24 22:39:41,471 - gateway - INFO - [SHUTDOWN] Gateway stopped cleanly
2025-10-24 22:39:41,471 - gateway - INFO - [SHUTDOWN] Cleaning up connections...
2025-10-24 22:39:41,471 - gateway - INFO - [SHUTDOWN] Gateway stopped cleanly
2025-10-24 22:39:43,062 - gateway - INFO - Checking prerequisites...
2025-10-24 22:39:43,062 - gateway - INFO - ============================================================
2025-10-24 22:39:43,062 - gateway - INFO - Initializing IoT Gateway
2025-10-24 22:39:43,062 - gateway - INFO - ============================================================
2025-10-24 22:39:43,062 - gateway - INFO - [REMOTE] Unified Remote Control Manager initialized
2025-10-24 22:39:43,062 - gateway - INFO - [REMOTE] Supported devices: Keypad, RFID Gate, Fan
2025-10-24 22:39:43,069 - gateway - INFO - [AUTOMATION] Automation engine integrated
2025-10-24 22:39:43,069 - gateway - INFO - Setting up Local MQTT Broker connection...
2025-10-24 22:39:43,282 - gateway - INFO - Local MQTT connection initiated
2025-10-24 22:39:43,283 - gateway - INFO - Setting up VPS MQTT Broker connection...
2025-10-24 22:39:43,919 - gateway - INFO - VPS MQTT connection initiated
2025-10-24 22:39:43,924 - gateway - INFO - Gateway initialization complete
2025-10-24 22:39:43,924 - gateway - INFO - ============================================================
2025-10-24 22:39:43,924 - gateway - INFO - IoT Gateway Started Successfully
2025-10-24 22:39:43,924 - gateway - INFO - Local MQTT: 192.168.1.205:1884
2025-10-24 22:39:43,924 - gateway - INFO - VPS MQTT: 159.223.63.61:8883
2025-10-24 22:39:43,924 - gateway - INFO - Features: Remote Control (Keypad, RFID, Fan), Automation Engine
2025-10-24 22:39:43,924 - gateway - INFO - ============================================================
2025-10-24 22:39:44,047 - gateway - INFO - [BUFFER] Flushing 1 buffered messages
2025-10-24 22:39:44,102 - gateway - INFO - [BUFFER] Flush complete
2025-10-24 22:40:04,733 - gateway - INFO - [AUTOMATION] Temperature 26.1°C (threshold: 28.0°C)
2025-10-24 22:40:04,733 - gateway - INFO - [AUTOMATION] Triggering: fan_off
2025-10-24 22:40:04,740 - gateway - INFO - [REMOTE] Sent MQTT command to fan_01: fan_off
2025-10-24 22:40:04,741 - gateway - INFO - [AUTOMATION] Logged fan_off for fan_01 (temp: 26.1°C)
2025-10-24 22:41:13,371 - gateway - INFO - 
[SHUTDOWN] Received interrupt signal
2025-10-24 22:41:13,371 - gateway - INFO - [SHUTDOWN] Cleaning up connections...
2025-10-24 22:41:14,454 - gateway - INFO - [SHUTDOWN] Gateway stopped cleanly
2025-10-24 22:41:14,454 - gateway - INFO - [SHUTDOWN] Cleaning up connections...
2025-10-24 22:41:14,454 - gateway - INFO - [SHUTDOWN] Gateway stopped cleanly
2025-10-24 23:00:37,389 - gateway - INFO - Checking prerequisites...
2025-10-24 23:00:37,392 - gateway - INFO - ============================================================
2025-10-24 23:00:37,392 - gateway - INFO - Initializing IoT Gateway
2025-10-24 23:00:37,392 - gateway - INFO - ============================================================
2025-10-24 23:00:37,392 - gateway - INFO - [REMOTE] Unified Remote Control Manager initialized
2025-10-24 23:00:37,394 - gateway - INFO - [REMOTE] Supported devices: Keypad, RFID Gate, Fan
2025-10-24 23:00:37,394 - gateway - INFO - [AUTOMATION] Automation engine integrated
2025-10-24 23:00:37,394 - gateway - INFO - Setting up Local MQTT Broker connection...
2025-10-24 23:00:39,640 - gateway - ERROR - Local MQTT connection failed: [WinError 10061] No connection could be made because the target machine actively refused it
2025-10-24 23:00:39,641 - gateway - INFO - Setting up VPS MQTT Broker connection...
2025-10-24 23:00:44,651 - gateway - ERROR - VPS MQTT connection failed: timed out
2025-10-24 23:00:44,651 - gateway - INFO - Gateway initialization complete
2025-10-24 23:00:44,651 - gateway - INFO - ============================================================
2025-10-24 23:00:44,651 - gateway - INFO - IoT Gateway Started Successfully
2025-10-24 23:00:44,651 - gateway - INFO - Local MQTT: 192.168.1.205:1884
2025-10-24 23:00:44,651 - gateway - INFO - VPS MQTT: 159.223.63.61:8883
2025-10-24 23:00:44,651 - gateway - INFO - Features: Remote Control (Keypad, RFID, Fan), Automation Engine
2025-10-24 23:00:44,651 - gateway - INFO - ============================================================
2025-10-24 23:00:47,249 - gateway - INFO - 
[SHUTDOWN] Received interrupt signal
2025-10-24 23:00:47,249 - gateway - INFO - [SHUTDOWN] Cleaning up connections...
2025-10-24 23:00:47,251 - gateway - INFO - [SHUTDOWN] Gateway stopped cleanly
2025-10-24 23:00:47,251 - gateway - INFO - [SHUTDOWN] Cleaning up connections...
2025-10-24 23:00:47,251 - gateway - INFO - [SHUTDOWN] Gateway stopped cleanly
2025-10-24 23:00:48,529 - gateway - INFO - Checking prerequisites...
2025-10-24 23:00:48,529 - gateway - INFO - ============================================================
2025-10-24 23:00:48,529 - gateway - INFO - Initializing IoT Gateway
2025-10-24 23:00:48,529 - gateway - INFO - ============================================================
2025-10-24 23:00:48,529 - gateway - INFO - [REMOTE] Unified Remote Control Manager initialized
2025-10-24 23:00:48,529 - gateway - INFO - [REMOTE] Supported devices: Keypad, RFID Gate, Fan
2025-10-24 23:00:48,529 - gateway - INFO - [AUTOMATION] Automation engine integrated
2025-10-24 23:00:48,529 - gateway - INFO - Setting up Local MQTT Broker connection...
2025-10-24 23:00:48,750 - gateway - INFO - Local MQTT connection initiated
2025-10-24 23:00:48,750 - gateway - INFO - Setting up VPS MQTT Broker connection...
2025-10-24 23:00:49,080 - gateway - INFO - VPS MQTT connection initiated
2025-10-24 23:00:49,084 - gateway - INFO - Gateway initialization complete
2025-10-24 23:00:49,084 - gateway - INFO - ============================================================
2025-10-24 23:00:49,084 - gateway - INFO - IoT Gateway Started Successfully
2025-10-24 23:00:49,084 - gateway - INFO - Local MQTT: 192.168.1.205:1884
2025-10-24 23:00:49,084 - gateway - INFO - VPS MQTT: 159.223.63.61:8883
2025-10-24 23:00:49,084 - gateway - INFO - Features: Remote Control (Keypad, RFID, Fan), Automation Engine
2025-10-24 23:00:49,084 - gateway - INFO - ============================================================
2025-10-24 23:00:49,162 - gateway - INFO - [BUFFER] Flushing 1 buffered messages
2025-10-24 23:00:49,216 - gateway - INFO - [BUFFER] Flush complete
2025-10-24 23:00:57,672 - gateway - INFO - [AUTOMATION] Temperature 26.1°C (threshold: 28.0°C)
2025-10-24 23:00:57,672 - gateway - INFO - [AUTOMATION] Triggering: fan_off
2025-10-24 23:00:57,673 - gateway - INFO - [REMOTE] Sent MQTT command to fan_01: fan_off
2025-10-24 23:00:57,674 - gateway - INFO - [AUTOMATION] Logged fan_off for fan_01 (temp: 26.1°C)
2025-10-24 23:04:43,117 - gateway - INFO - 
[SHUTDOWN] Received interrupt signal
2025-10-24 23:04:43,117 - gateway - INFO - [SHUTDOWN] Cleaning up connections...
2025-10-24 23:04:44,227 - gateway - INFO - [SHUTDOWN] Gateway stopped cleanly
2025-10-24 23:04:44,228 - gateway - INFO - [SHUTDOWN] Cleaning up connections...
2025-10-24 23:04:44,228 - gateway - INFO - [SHUTDOWN] Gateway stopped cleanly
2025-10-24 23:04:50,147 - gateway - INFO - Checking prerequisites...
2025-10-24 23:04:50,153 - gateway - INFO - ============================================================
2025-10-24 23:04:50,153 - gateway - INFO - Initializing IoT Gateway
2025-10-24 23:04:50,153 - gateway - INFO - ============================================================
2025-10-24 23:04:50,154 - gateway - INFO - [REMOTE] Unified Remote Control Manager initialized
2025-10-24 23:04:50,154 - gateway - INFO - [REMOTE] Supported devices: Keypad, RFID Gate, Fan
2025-10-24 23:04:50,154 - gateway - INFO - [AUTOMATION] Automation engine integrated
2025-10-24 23:04:50,155 - gateway - INFO - Setting up Local MQTT Broker connection...
2025-10-24 23:04:50,383 - gateway - INFO - Local MQTT connection initiated
2025-10-24 23:04:50,383 - gateway - INFO - Setting up VPS MQTT Broker connection...
2025-10-24 23:04:50,391 - gateway - DEBUG - [STATUS] temp_01: online
2025-10-24 23:04:50,392 - gateway - DEBUG - [BUFFER] Message buffered (total: 1)
2025-10-24 23:04:50,967 - gateway - INFO - VPS MQTT connection initiated
2025-10-24 23:04:50,971 - gateway - INFO - Gateway initialization complete
2025-10-24 23:04:50,972 - gateway - INFO - ============================================================
2025-10-24 23:04:50,972 - gateway - INFO - IoT Gateway Started Successfully
2025-10-24 23:04:50,972 - gateway - INFO - Local MQTT: 192.168.1.205:1884
2025-10-24 23:04:50,973 - gateway - INFO - VPS MQTT: 159.223.63.61:8883
2025-10-24 23:04:50,973 - gateway - INFO - Features: Remote Control (Keypad, RFID, Fan), Automation Engine
2025-10-24 23:04:50,973 - gateway - INFO - ============================================================
2025-10-24 23:04:51,044 - gateway - INFO - [BUFFER] Flushing 1 buffered messages
2025-10-24 23:04:51,044 - gateway - DEBUG - [VPS] Published to gateway/status/temp_01
2025-10-24 23:04:51,101 - gateway - INFO - [BUFFER] Flush complete
2025-10-24 23:04:57,680 - gateway - DEBUG - [TELEMETRY] temp_01: temp_update
2025-10-24 23:04:57,680 - gateway - INFO - [AUTOMATION] Temperature 26.2°C (threshold: 28.0°C)
2025-10-24 23:04:57,680 - gateway - INFO - [AUTOMATION] Triggering: fan_off
2025-10-24 23:04:57,680 - gateway - INFO - [REMOTE] Sent MQTT command to fan_01: fan_off
2025-10-24 23:04:57,680 - gateway - DEBUG - [VPS] Published to gateway/logs/fan_01
2025-10-24 23:04:57,680 - gateway - INFO - [AUTOMATION] Logged fan_off for fan_01 (temp: 26.2°C)
2025-10-24 23:04:57,680 - gateway - DEBUG - [VPS] Published to gateway/telemetry/temp_01
2025-10-24 23:05:27,680 - gateway - DEBUG - [TELEMETRY] temp_01: temp_update
2025-10-24 23:05:27,681 - gateway - DEBUG - [VPS] Published to gateway/telemetry/temp_01
2025-10-24 23:05:57,685 - gateway - DEBUG - [TELEMETRY] temp_01: temp_update
2025-10-24 23:05:57,685 - gateway - DEBUG - [VPS] Published to gateway/telemetry/temp_01
2025-10-24 23:06:27,682 - gateway - DEBUG - [TELEMETRY] temp_01: temp_update
2025-10-24 23:06:27,683 - gateway - DEBUG - [VPS] Published to gateway/telemetry/temp_01
2025-10-24 23:06:57,684 - gateway - DEBUG - [TELEMETRY] temp_01: temp_update
2025-10-24 23:06:57,684 - gateway - DEBUG - [VPS] Published to gateway/telemetry/temp_01
2025-10-24 23:07:27,696 - gateway - DEBUG - [TELEMETRY] temp_01: temp_update
2025-10-24 23:07:27,697 - gateway - DEBUG - [VPS] Published to gateway/telemetry/temp_01
2025-10-24 23:07:57,685 - gateway - DEBUG - [TELEMETRY] temp_01: temp_update
2025-10-24 23:07:57,686 - gateway - DEBUG - [VPS] Published to gateway/telemetry/temp_01
2025-10-24 23:08:27,688 - gateway - DEBUG - [TELEMETRY] temp_01: temp_update
2025-10-24 23:08:27,689 - gateway - DEBUG - [VPS] Published to gateway/telemetry/temp_01
2025-10-24 23:08:57,688 - gateway - DEBUG - [TELEMETRY] temp_01: temp_update
2025-10-24 23:08:57,689 - gateway - DEBUG - [VPS] Published to gateway/telemetry/temp_01
2025-10-24 23:09:27,689 - gateway - DEBUG - [TELEMETRY] temp_01: temp_update
2025-10-24 23:09:27,690 - gateway - DEBUG - [VPS] Published to gateway/telemetry/temp_01
2025-10-24 23:09:51,073 - gateway - INFO - [STATS] RX: 11, TX: 12, Buffered: 0, Remote Cmds: 0, Auto Triggers: 10, Temp: 26.1°C, Fan: off, Local: OK, VPS: OK
2025-10-24 23:09:57,692 - gateway - DEBUG - [TELEMETRY] temp_01: temp_update
2025-10-24 23:09:57,693 - gateway - DEBUG - [VPS] Published to gateway/telemetry/temp_01
2025-10-24 23:10:27,692 - gateway - DEBUG - [TELEMETRY] temp_01: temp_update
2025-10-24 23:10:27,693 - gateway - DEBUG - [BUFFER] Message buffered (total: 1)
2025-10-24 23:10:57,694 - gateway - DEBUG - [TELEMETRY] temp_01: temp_update
2025-10-24 23:10:57,694 - gateway - DEBUG - [BUFFER] Message buffered (total: 2)
2025-10-24 23:11:27,698 - gateway - DEBUG - [TELEMETRY] temp_01: temp_update
2025-10-24 23:11:27,698 - gateway - DEBUG - [BUFFER] Message buffered (total: 3)
2025-10-24 23:11:57,697 - gateway - DEBUG - [TELEMETRY] temp_01: temp_update
2025-10-24 23:11:57,698 - gateway - DEBUG - [BUFFER] Message buffered (total: 4)
2025-10-24 23:12:27,700 - gateway - DEBUG - [TELEMETRY] temp_01: temp_update
2025-10-24 23:12:27,700 - gateway - DEBUG - [BUFFER] Message buffered (total: 5)
2025-10-24 23:12:31,752 - gateway - INFO - 
[SHUTDOWN] Received interrupt signal
2025-10-24 23:12:31,753 - gateway - INFO - [SHUTDOWN] Cleaning up connections...
2025-10-24 23:12:33,318 - gateway - INFO - [SHUTDOWN] Gateway stopped cleanly
2025-10-24 23:12:33,318 - gateway - INFO - [SHUTDOWN] Cleaning up connections...
2025-10-24 23:12:33,319 - gateway - INFO - [SHUTDOWN] Gateway stopped cleanly
2025-10-24 23:12:34,576 - gateway - INFO - Checking prerequisites...
2025-10-24 23:12:34,576 - gateway - INFO - ============================================================
2025-10-24 23:12:34,576 - gateway - INFO - Initializing IoT Gateway
2025-10-24 23:12:34,576 - gateway - INFO - ============================================================
2025-10-24 23:12:34,582 - gateway - INFO - [REMOTE] Unified Remote Control Manager initialized
2025-10-24 23:12:34,582 - gateway - INFO - [REMOTE] Supported devices: Keypad, RFID Gate, Fan
2025-10-24 23:12:34,582 - gateway - INFO - [AUTOMATION] Automation engine integrated
2025-10-24 23:12:34,582 - gateway - INFO - Setting up Local MQTT Broker connection...
2025-10-24 23:12:34,794 - gateway - INFO - Local MQTT connection initiated
2025-10-24 23:12:34,795 - gateway - INFO - Setting up VPS MQTT Broker connection...
2025-10-24 23:12:34,804 - gateway - DEBUG - [STATUS] temp_01: online
2025-10-24 23:12:34,804 - gateway - DEBUG - [BUFFER] Message buffered (total: 1)
2025-10-24 23:12:35,172 - gateway - INFO - VPS MQTT connection initiated
2025-10-24 23:12:35,172 - gateway - INFO - Gateway initialization complete
2025-10-24 23:12:35,172 - gateway - INFO - ============================================================
2025-10-24 23:12:35,172 - gateway - INFO - IoT Gateway Started Successfully
2025-10-24 23:12:35,172 - gateway - INFO - Local MQTT: 192.168.1.205:1884
2025-10-24 23:12:35,176 - gateway - INFO - VPS MQTT: 159.223.63.61:8883
2025-10-24 23:12:35,176 - gateway - INFO - Features: Remote Control (Keypad, RFID, Fan), Automation Engine
2025-10-24 23:12:35,176 - gateway - INFO - ============================================================
2025-10-24 23:12:35,509 - gateway - INFO - [BUFFER] Flushing 1 buffered messages
2025-10-24 23:12:35,509 - gateway - DEBUG - [VPS] Published to gateway/status/temp_01
2025-10-24 23:12:35,561 - gateway - INFO - [BUFFER] Flush complete
2025-10-24 23:12:57,700 - gateway - DEBUG - [TELEMETRY] temp_01: temp_update
2025-10-24 23:12:57,700 - gateway - INFO - [AUTOMATION] Temperature 26.1°C (threshold: 28.0°C)
2025-10-24 23:12:57,701 - gateway - INFO - [AUTOMATION] Triggering: fan_off
2025-10-24 23:12:57,701 - gateway - INFO - [REMOTE] Sent MQTT command to fan_01: fan_off
2025-10-24 23:12:57,702 - gateway - DEBUG - [VPS] Published to gateway/logs/fan_01
2025-10-24 23:12:57,703 - gateway - INFO - [AUTOMATION] Logged fan_off for fan_01 (temp: 26.1°C)
2025-10-24 23:12:57,703 - gateway - DEBUG - [VPS] Published to gateway/telemetry/temp_01
2025-10-24 23:13:27,702 - gateway - DEBUG - [TELEMETRY] temp_01: temp_update
2025-10-24 23:13:27,703 - gateway - DEBUG - [VPS] Published to gateway/telemetry/temp_01
2025-10-24 23:13:57,705 - gateway - DEBUG - [TELEMETRY] temp_01: temp_update
2025-10-24 23:13:57,706 - gateway - DEBUG - [VPS] Published to gateway/telemetry/temp_01
2025-10-24 23:14:27,705 - gateway - DEBUG - [TELEMETRY] temp_01: temp_update
2025-10-24 23:14:27,706 - gateway - DEBUG - [VPS] Published to gateway/telemetry/temp_01
2025-10-24 23:14:57,704 - gateway - DEBUG - [TELEMETRY] temp_01: temp_update
2025-10-24 23:14:57,704 - gateway - DEBUG - [VPS] Published to gateway/telemetry/temp_01
2025-10-24 23:15:27,706 - gateway - DEBUG - [TELEMETRY] temp_01: temp_update
2025-10-24 23:15:27,707 - gateway - DEBUG - [VPS] Published to gateway/telemetry/temp_01
2025-10-24 23:15:57,707 - gateway - DEBUG - [TELEMETRY] temp_01: temp_update
2025-10-24 23:15:57,708 - gateway - DEBUG - [VPS] Published to gateway/telemetry/temp_01
2025-10-24 23:16:27,709 - gateway - DEBUG - [TELEMETRY] temp_01: temp_update
2025-10-24 23:16:27,710 - gateway - DEBUG - [VPS] Published to gateway/telemetry/temp_01
2025-10-24 23:16:57,710 - gateway - DEBUG - [TELEMETRY] temp_01: temp_update
2025-10-24 23:16:57,710 - gateway - DEBUG - [VPS] Published to gateway/telemetry/temp_01
2025-10-24 23:17:27,711 - gateway - DEBUG - [TELEMETRY] temp_01: temp_update
2025-10-24 23:17:27,712 - gateway - DEBUG - [VPS] Published to gateway/telemetry/temp_01
2025-10-24 23:17:35,247 - gateway - INFO - [STATS] RX: 11, TX: 12, Buffered: 0, Remote Cmds: 0, Auto Triggers: 10, Temp: 26.1°C, Fan: off, Local: OK, VPS: OK
2025-10-24 23:17:57,715 - gateway - DEBUG - [TELEMETRY] temp_01: temp_update
2025-10-24 23:17:57,716 - gateway - DEBUG - [VPS] Published to gateway/telemetry/temp_01
2025-10-24 23:18:27,717 - gateway - DEBUG - [TELEMETRY] temp_01: temp_update
2025-10-24 23:18:27,717 - gateway - DEBUG - [VPS] Published to gateway/telemetry/temp_01
2025-10-24 23:18:57,714 - gateway - DEBUG - [TELEMETRY] temp_01: temp_update
2025-10-24 23:18:57,715 - gateway - DEBUG - [VPS] Published to gateway/telemetry/temp_01
2025-10-24 23:19:27,716 - gateway - DEBUG - [TELEMETRY] temp_01: temp_update
2025-10-24 23:19:27,717 - gateway - DEBUG - [BUFFER] Message buffered (total: 1)
2025-10-24 23:19:36,751 - gateway - INFO - [BUFFER] Flushing 1 buffered messages
2025-10-24 23:19:36,752 - gateway - DEBUG - [VPS] Published to gateway/telemetry/temp_01
2025-10-24 23:19:36,806 - gateway - INFO - [BUFFER] Flush complete
2025-10-24 23:19:57,715 - gateway - DEBUG - [TELEMETRY] temp_01: temp_update
2025-10-24 23:19:57,716 - gateway - DEBUG - [VPS] Published to gateway/telemetry/temp_01
2025-10-24 23:20:27,718 - gateway - DEBUG - [TELEMETRY] temp_01: temp_update
2025-10-24 23:20:27,719 - gateway - DEBUG - [VPS] Published to gateway/telemetry/temp_01
2025-10-24 23:20:57,725 - gateway - DEBUG - [TELEMETRY] temp_01: temp_update
2025-10-24 23:20:57,726 - gateway - DEBUG - [VPS] Published to gateway/telemetry/temp_01
2025-10-24 23:21:27,721 - gateway - DEBUG - [TELEMETRY] temp_01: temp_update
2025-10-24 23:21:27,721 - gateway - DEBUG - [VPS] Published to gateway/telemetry/temp_01
2025-10-24 23:21:57,720 - gateway - DEBUG - [TELEMETRY] temp_01: temp_update
2025-10-24 23:21:57,720 - gateway - DEBUG - [VPS] Published to gateway/telemetry/temp_01
2025-10-24 23:22:27,722 - gateway - DEBUG - [TELEMETRY] temp_01: temp_update
2025-10-24 23:22:27,722 - gateway - DEBUG - [BUFFER] Message buffered (total: 1)
2025-10-24 23:22:35,326 - gateway - INFO - [STATS] RX: 21, TX: 21, Buffered: 1, Remote Cmds: 0, Auto Triggers: 20, Temp: 26.1°C, Fan: off, Local: OK, VPS: DOWN
2025-10-24 23:22:57,723 - gateway - DEBUG - [TELEMETRY] temp_01: temp_update
2025-10-24 23:22:57,723 - gateway - DEBUG - [BUFFER] Message buffered (total: 2)
2025-10-24 23:23:27,723 - gateway - DEBUG - [TELEMETRY] temp_01: temp_update
2025-10-24 23:23:27,724 - gateway - DEBUG - [BUFFER] Message buffered (total: 3)
2025-10-24 23:23:57,724 - gateway - DEBUG - [TELEMETRY] temp_01: temp_update
2025-10-24 23:23:57,724 - gateway - DEBUG - [BUFFER] Message buffered (total: 4)
2025-10-24 23:24:23,675 - gateway - INFO - [BUFFER] Flushing 4 buffered messages
2025-10-24 23:24:23,675 - gateway - DEBUG - [VPS] Published to gateway/telemetry/temp_01
2025-10-24 23:24:23,734 - gateway - DEBUG - [VPS] Published to gateway/telemetry/temp_01
2025-10-24 23:24:23,796 - gateway - DEBUG - [VPS] Published to gateway/telemetry/temp_01
2025-10-24 23:24:23,859 - gateway - DEBUG - [VPS] Published to gateway/telemetry/temp_01
2025-10-24 23:24:23,921 - gateway - INFO - [BUFFER] Flush complete
2025-10-24 23:24:27,727 - gateway - DEBUG - [TELEMETRY] temp_01: temp_update
2025-10-24 23:24:27,727 - gateway - DEBUG - [VPS] Published to gateway/telemetry/temp_01
2025-10-24 23:24:57,726 - gateway - DEBUG - [TELEMETRY] temp_01: temp_update
2025-10-24 23:24:57,727 - gateway - DEBUG - [VPS] Published to gateway/telemetry/temp_01
2025-10-24 23:25:27,727 - gateway - DEBUG - [TELEMETRY] temp_01: temp_update
2025-10-24 23:25:27,728 - gateway - DEBUG - [VPS] Published to gateway/telemetry/temp_01
2025-10-24 23:25:57,729 - gateway - DEBUG - [TELEMETRY] temp_01: temp_update
2025-10-24 23:25:57,730 - gateway - DEBUG - [VPS] Published to gateway/telemetry/temp_01
2025-10-24 23:26:27,731 - gateway - DEBUG - [TELEMETRY] temp_01: temp_update
2025-10-24 23:26:27,732 - gateway - DEBUG - [VPS] Published to gateway/telemetry/temp_01
2025-10-24 23:26:57,731 - gateway - DEBUG - [TELEMETRY] temp_01: temp_update
2025-10-24 23:26:57,731 - gateway - DEBUG - [VPS] Published to gateway/telemetry/temp_01
2025-10-24 23:27:27,733 - gateway - DEBUG - [TELEMETRY] temp_01: temp_update
2025-10-24 23:27:27,735 - gateway - DEBUG - [VPS] Published to gateway/telemetry/temp_01
2025-10-24 23:27:35,387 - gateway - INFO - [STATS] RX: 31, TX: 32, Buffered: 0, Remote Cmds: 0, Auto Triggers: 30, Temp: 26.1°C, Fan: off, Local: OK, VPS: OK
2025-10-24 23:27:57,738 - gateway - DEBUG - [TELEMETRY] temp_01: temp_update
2025-10-24 23:27:57,739 - gateway - DEBUG - [VPS] Published to gateway/telemetry/temp_01
2025-10-24 23:28:27,745 - gateway - DEBUG - [TELEMETRY] temp_01: temp_update
2025-10-24 23:28:27,746 - gateway - DEBUG - [VPS] Published to gateway/telemetry/temp_01
2025-10-24 23:28:57,738 - gateway - DEBUG - [TELEMETRY] temp_01: temp_update
2025-10-24 23:28:57,738 - gateway - DEBUG - [VPS] Published to gateway/telemetry/temp_01
2025-10-24 23:29:27,737 - gateway - DEBUG - [TELEMETRY] temp_01: temp_update
2025-10-24 23:29:27,738 - gateway - DEBUG - [VPS] Published to gateway/telemetry/temp_01
2025-10-24 23:29:57,740 - gateway - DEBUG - [TELEMETRY] temp_01: temp_update
2025-10-24 23:29:57,740 - gateway - DEBUG - [VPS] Published to gateway/telemetry/temp_01
2025-10-24 23:30:27,739 - gateway - DEBUG - [TELEMETRY] temp_01: temp_update
2025-10-24 23:30:27,740 - gateway - DEBUG - [VPS] Published to gateway/telemetry/temp_01
2025-10-24 23:30:57,742 - gateway - DEBUG - [TELEMETRY] temp_01: temp_update
2025-10-24 23:30:57,742 - gateway - DEBUG - [VPS] Published to gateway/telemetry/temp_01
2025-10-24 23:31:27,745 - gateway - DEBUG - [TELEMETRY] temp_01: temp_update
2025-10-24 23:31:27,745 - gateway - DEBUG - [VPS] Published to gateway/telemetry/temp_01
2025-10-24 23:31:57,745 - gateway - DEBUG - [TELEMETRY] temp_01: temp_update
2025-10-24 23:31:57,745 - gateway - DEBUG - [VPS] Published to gateway/telemetry/temp_01
2025-10-24 23:32:27,746 - gateway - DEBUG - [TELEMETRY] temp_01: temp_update
2025-10-24 23:32:27,747 - gateway - DEBUG - [VPS] Published to gateway/telemetry/temp_01
2025-10-24 23:32:35,411 - gateway - INFO - [STATS] RX: 41, TX: 42, Buffered: 0, Remote Cmds: 0, Auto Triggers: 40, Temp: 26.1°C, Fan: off, Local: OK, VPS: OK
2025-10-24 23:32:57,749 - gateway - DEBUG - [TELEMETRY] temp_01: temp_update
2025-10-24 23:32:57,750 - gateway - DEBUG - [VPS] Published to gateway/telemetry/temp_01
2025-10-24 23:33:27,747 - gateway - DEBUG - [TELEMETRY] temp_01: temp_update
2025-10-24 23:33:27,747 - gateway - DEBUG - [VPS] Published to gateway/telemetry/temp_01
2025-10-24 23:33:57,752 - gateway - DEBUG - [TELEMETRY] temp_01: temp_update
2025-10-24 23:33:57,752 - gateway - DEBUG - [VPS] Published to gateway/telemetry/temp_01
2025-10-24 23:34:27,767 - gateway - DEBUG - [TELEMETRY] temp_01: temp_update
2025-10-24 23:34:27,768 - gateway - DEBUG - [VPS] Published to gateway/telemetry/temp_01
2025-10-24 23:34:57,751 - gateway - DEBUG - [TELEMETRY] temp_01: temp_update
2025-10-24 23:34:57,751 - gateway - DEBUG - [VPS] Published to gateway/telemetry/temp_01
2025-10-24 23:35:27,751 - gateway - DEBUG - [TELEMETRY] temp_01: temp_update
2025-10-24 23:35:27,751 - gateway - DEBUG - [VPS] Published to gateway/telemetry/temp_01
2025-10-24 23:35:36,954 - gateway - INFO - 
[SHUTDOWN] Received interrupt signal
2025-10-24 23:35:36,955 - gateway - INFO - [SHUTDOWN] Cleaning up connections...
2025-10-24 23:35:38,072 - gateway - INFO - [SHUTDOWN] Gateway stopped cleanly
2025-10-24 23:35:38,072 - gateway - INFO - [SHUTDOWN] Cleaning up connections...
2025-10-24 23:35:38,072 - gateway - INFO - [SHUTDOWN] Gateway stopped cleanly
2025-10-24 23:35:39,794 - gateway - INFO - Checking prerequisites...
2025-10-24 23:35:39,796 - gateway - INFO - ============================================================
2025-10-24 23:35:39,796 - gateway - INFO - Initializing IoT Gateway
2025-10-24 23:35:39,796 - gateway - INFO - ============================================================
2025-10-24 23:35:39,796 - gateway - INFO - [REMOTE] Unified Remote Control Manager initialized
2025-10-24 23:35:39,796 - gateway - INFO - [REMOTE] Supported devices: Keypad, RFID Gate, Fan
2025-10-24 23:35:39,796 - gateway - INFO - [AUTOMATION] Automation engine integrated
2025-10-24 23:35:39,796 - gateway - INFO - Setting up Local MQTT Broker connection...
2025-10-24 23:35:40,009 - gateway - INFO - Local MQTT connection initiated
2025-10-24 23:35:40,009 - gateway - INFO - Setting up VPS MQTT Broker connection...
2025-10-24 23:35:40,022 - gateway - DEBUG - [STATUS] temp_01: online
2025-10-24 23:35:40,022 - gateway - DEBUG - [BUFFER] Message buffered (total: 1)
2025-10-24 23:35:40,814 - gateway - INFO - VPS MQTT connection initiated
2025-10-24 23:35:40,816 - gateway - INFO - Gateway initialization complete
2025-10-24 23:35:40,818 - gateway - INFO - ============================================================
2025-10-24 23:35:40,818 - gateway - INFO - IoT Gateway Started Successfully
2025-10-24 23:35:40,818 - gateway - INFO - Local MQTT: 192.168.1.205:1884
2025-10-24 23:35:40,818 - gateway - INFO - VPS MQTT: 159.223.63.61:8883
2025-10-24 23:35:40,818 - gateway - INFO - Features: Remote Control (Keypad, RFID, Fan), Automation Engine
2025-10-24 23:35:40,818 - gateway - INFO - ============================================================
2025-10-24 23:35:41,214 - gateway - INFO - [BUFFER] Flushing 1 buffered messages
2025-10-24 23:35:41,214 - gateway - DEBUG - [VPS] Published to iot/Gateway1/status
2025-10-24 23:35:41,276 - gateway - INFO - [BUFFER] Flush complete
2025-10-24 23:35:57,754 - gateway - DEBUG - [TELEMETRY] temp_01: temp_update
2025-10-24 23:35:57,754 - gateway - INFO - [AUTOMATION] Temperature 26.1°C (threshold: 28.0°C)
2025-10-24 23:35:57,754 - gateway - INFO - [AUTOMATION] Triggering: fan_off
2025-10-24 23:35:57,755 - gateway - INFO - [REMOTE] Sent MQTT command to fan_01: fan_off
2025-10-24 23:35:57,756 - gateway - DEBUG - [VPS] Published to iot/Gateway1/logs
2025-10-24 23:35:57,757 - gateway - INFO - [AUTOMATION] Logged fan_off for fan_01 (temp: 26.1°C)
2025-10-24 23:35:57,757 - gateway - DEBUG - [VPS] Published to iot/Gateway1/telemetry
2025-10-24 23:36:27,753 - gateway - DEBUG - [TELEMETRY] temp_01: temp_update
2025-10-24 23:36:27,754 - gateway - DEBUG - [VPS] Published to iot/Gateway1/telemetry
2025-10-24 23:36:57,756 - gateway - DEBUG - [TELEMETRY] temp_01: temp_update
2025-10-24 23:36:57,756 - gateway - DEBUG - [BUFFER] Message buffered (total: 1)
2025-10-24 23:37:27,755 - gateway - DEBUG - [TELEMETRY] temp_01: temp_update
2025-10-24 23:37:27,756 - gateway - DEBUG - [BUFFER] Message buffered (total: 2)
2025-10-24 23:37:57,756 - gateway - DEBUG - [TELEMETRY] temp_01: temp_update
2025-10-24 23:37:57,756 - gateway - DEBUG - [BUFFER] Message buffered (total: 3)
2025-10-24 23:38:27,759 - gateway - DEBUG - [TELEMETRY] temp_01: temp_update
2025-10-24 23:38:27,759 - gateway - DEBUG - [BUFFER] Message buffered (total: 4)
2025-10-24 23:38:57,760 - gateway - DEBUG - [TELEMETRY] temp_01: temp_update
2025-10-24 23:38:57,760 - gateway - DEBUG - [BUFFER] Message buffered (total: 5)
2025-10-24 23:39:00,610 - gateway - INFO - [BUFFER] Flushing 5 buffered messages
2025-10-24 23:39:00,612 - gateway - DEBUG - [VPS] Published to iot/Gateway1/telemetry
2025-10-24 23:39:00,668 - gateway - DEBUG - [VPS] Published to iot/Gateway1/telemetry
2025-10-24 23:39:00,725 - gateway - DEBUG - [VPS] Published to iot/Gateway1/telemetry
2025-10-24 23:39:00,777 - gateway - DEBUG - [VPS] Published to iot/Gateway1/telemetry
2025-10-24 23:39:00,842 - gateway - DEBUG - [VPS] Published to iot/Gateway1/telemetry
2025-10-24 23:39:00,901 - gateway - INFO - [BUFFER] Flush complete
2025-10-24 23:39:27,760 - gateway - DEBUG - [TELEMETRY] temp_01: temp_update
2025-10-24 23:39:27,760 - gateway - DEBUG - [VPS] Published to iot/Gateway1/telemetry
2025-10-24 23:39:57,778 - gateway - DEBUG - [TELEMETRY] temp_01: temp_update
2025-10-24 23:39:57,779 - gateway - DEBUG - [VPS] Published to iot/Gateway1/telemetry
2025-10-24 23:40:27,762 - gateway - DEBUG - [TELEMETRY] temp_01: temp_update
2025-10-24 23:40:27,763 - gateway - DEBUG - [VPS] Published to iot/Gateway1/telemetry
2025-10-24 23:40:40,888 - gateway - INFO - [STATS] RX: 11, TX: 12, Buffered: 0, Remote Cmds: 0, Auto Triggers: 10, Temp: 26.1°C, Fan: off, Local: OK, VPS: OK
2025-10-24 23:40:57,777 - gateway - DEBUG - [TELEMETRY] temp_01: temp_update
2025-10-24 23:40:57,777 - gateway - DEBUG - [VPS] Published to iot/Gateway1/telemetry
2025-10-24 23:41:27,770 - gateway - DEBUG - [TELEMETRY] temp_01: temp_update
2025-10-24 23:41:27,770 - gateway - DEBUG - [VPS] Published to iot/Gateway1/telemetry
2025-10-24 23:41:57,765 - gateway - DEBUG - [TELEMETRY] temp_01: temp_update
2025-10-24 23:41:57,765 - gateway - DEBUG - [VPS] Published to iot/Gateway1/telemetry
2025-10-24 23:42:27,768 - gateway - DEBUG - [TELEMETRY] temp_01: temp_update
2025-10-24 23:42:27,768 - gateway - DEBUG - [VPS] Published to iot/Gateway1/telemetry
2025-10-24 23:42:57,780 - gateway - DEBUG - [TELEMETRY] temp_01: temp_update
2025-10-24 23:42:57,781 - gateway - DEBUG - [VPS] Published to iot/Gateway1/telemetry
2025-10-24 23:43:27,775 - gateway - DEBUG - [TELEMETRY] temp_01: temp_update
2025-10-24 23:43:27,776 - gateway - DEBUG - [VPS] Published to iot/Gateway1/telemetry
2025-10-24 23:43:57,774 - gateway - DEBUG - [TELEMETRY] temp_01: temp_update
2025-10-24 23:43:57,775 - gateway - DEBUG - [VPS] Published to iot/Gateway1/telemetry
2025-10-24 23:44:27,772 - gateway - DEBUG - [TELEMETRY] temp_01: temp_update
2025-10-24 23:44:27,772 - gateway - DEBUG - [VPS] Published to iot/Gateway1/telemetry
2025-10-24 23:44:57,773 - gateway - DEBUG - [TELEMETRY] temp_01: temp_update
2025-10-24 23:44:57,773 - gateway - DEBUG - [VPS] Published to iot/Gateway1/telemetry
2025-10-24 23:45:27,774 - gateway - DEBUG - [TELEMETRY] temp_01: temp_update
2025-10-24 23:45:27,775 - gateway - DEBUG - [VPS] Published to iot/Gateway1/telemetry
2025-10-24 23:45:40,936 - gateway - INFO - [STATS] RX: 21, TX: 22, Buffered: 0, Remote Cmds: 0, Auto Triggers: 20, Temp: 26.1°C, Fan: off, Local: OK, VPS: OK
2025-10-24 23:45:57,775 - gateway - DEBUG - [TELEMETRY] temp_01: temp_update
2025-10-24 23:45:57,776 - gateway - DEBUG - [VPS] Published to iot/Gateway1/telemetry
2025-10-24 23:46:27,778 - gateway - DEBUG - [TELEMETRY] temp_01: temp_update
2025-10-24 23:46:27,778 - gateway - DEBUG - [VPS] Published to iot/Gateway1/telemetry
2025-10-24 23:46:57,777 - gateway - DEBUG - [TELEMETRY] temp_01: temp_update
2025-10-24 23:46:57,778 - gateway - DEBUG - [VPS] Published to iot/Gateway1/telemetry
2025-10-24 23:47:27,779 - gateway - DEBUG - [TELEMETRY] temp_01: temp_update
2025-10-24 23:47:27,779 - gateway - DEBUG - [VPS] Published to iot/Gateway1/telemetry
2025-10-24 23:47:57,780 - gateway - DEBUG - [TELEMETRY] temp_01: temp_update
2025-10-24 23:47:57,781 - gateway - DEBUG - [VPS] Published to iot/Gateway1/telemetry
2025-10-24 23:48:27,781 - gateway - DEBUG - [TELEMETRY] temp_01: temp_update
2025-10-24 23:48:27,783 - gateway - DEBUG - [VPS] Published to iot/Gateway1/telemetry
2025-10-24 23:48:57,781 - gateway - DEBUG - [TELEMETRY] temp_01: temp_update
2025-10-24 23:48:57,782 - gateway - DEBUG - [VPS] Published to iot/Gateway1/telemetry
2025-10-24 23:49:27,786 - gateway - DEBUG - [TELEMETRY] temp_01: temp_update
2025-10-24 23:49:27,786 - gateway - DEBUG - [VPS] Published to iot/Gateway1/telemetry
2025-10-24 23:49:57,783 - gateway - DEBUG - [TELEMETRY] temp_01: temp_update
2025-10-24 23:49:57,783 - gateway - DEBUG - [VPS] Published to iot/Gateway1/telemetry
2025-10-24 23:50:27,787 - gateway - DEBUG - [TELEMETRY] temp_01: temp_update
2025-10-24 23:50:27,787 - gateway - DEBUG - [VPS] Published to iot/Gateway1/telemetry
2025-10-24 23:50:40,996 - gateway - INFO - [STATS] RX: 31, TX: 32, Buffered: 0, Remote Cmds: 0, Auto Triggers: 30, Temp: 26.0°C, Fan: off, Local: OK, VPS: OK
2025-10-24 23:50:57,787 - gateway - DEBUG - [TELEMETRY] temp_01: temp_update
2025-10-24 23:50:57,787 - gateway - DEBUG - [VPS] Published to iot/Gateway1/telemetry
2025-10-24 23:51:27,789 - gateway - DEBUG - [TELEMETRY] temp_01: temp_update
2025-10-24 23:51:27,789 - gateway - DEBUG - [VPS] Published to iot/Gateway1/telemetry
2025-10-24 23:51:57,809 - gateway - DEBUG - [TELEMETRY] temp_01: temp_update
2025-10-24 23:51:57,809 - gateway - DEBUG - [VPS] Published to iot/Gateway1/telemetry
2025-10-24 23:52:27,791 - gateway - DEBUG - [TELEMETRY] temp_01: temp_update
2025-10-24 23:52:27,791 - gateway - DEBUG - [VPS] Published to iot/Gateway1/telemetry
2025-10-24 23:52:57,792 - gateway - DEBUG - [TELEMETRY] temp_01: temp_update
2025-10-24 23:52:57,792 - gateway - DEBUG - [VPS] Published to iot/Gateway1/telemetry
2025-10-24 23:53:27,793 - gateway - DEBUG - [TELEMETRY] temp_01: temp_update
2025-10-24 23:53:27,794 - gateway - DEBUG - [VPS] Published to iot/Gateway1/telemetry
2025-10-24 23:53:57,793 - gateway - DEBUG - [TELEMETRY] temp_01: temp_update
2025-10-24 23:53:57,793 - gateway - DEBUG - [VPS] Published to iot/Gateway1/telemetry
2025-10-24 23:54:27,794 - gateway - DEBUG - [TELEMETRY] temp_01: temp_update
2025-10-24 23:54:27,795 - gateway - DEBUG - [VPS] Published to iot/Gateway1/telemetry
2025-10-24 23:54:57,798 - gateway - DEBUG - [TELEMETRY] temp_01: temp_update
2025-10-24 23:54:57,798 - gateway - DEBUG - [VPS] Published to iot/Gateway1/telemetry
2025-10-24 23:55:27,796 - gateway - DEBUG - [TELEMETRY] temp_01: temp_update
2025-10-24 23:55:27,796 - gateway - DEBUG - [VPS] Published to iot/Gateway1/telemetry
2025-10-24 23:55:41,037 - gateway - INFO - [STATS] RX: 41, TX: 42, Buffered: 0, Remote Cmds: 0, Auto Triggers: 40, Temp: 26.0°C, Fan: off, Local: OK, VPS: OK
2025-10-24 23:55:57,798 - gateway - DEBUG - [TELEMETRY] temp_01: temp_update
2025-10-24 23:55:57,799 - gateway - DEBUG - [VPS] Published to iot/Gateway1/telemetry
2025-10-24 23:56:27,798 - gateway - DEBUG - [TELEMETRY] temp_01: temp_update
2025-10-24 23:56:27,799 - gateway - DEBUG - [VPS] Published to iot/Gateway1/telemetry
2025-10-24 23:56:57,832 - gateway - DEBUG - [TELEMETRY] temp_01: temp_update
2025-10-24 23:56:57,832 - gateway - DEBUG - [VPS] Published to iot/Gateway1/telemetry
2025-10-24 23:57:27,801 - gateway - DEBUG - [TELEMETRY] temp_01: temp_update
2025-10-24 23:57:27,802 - gateway - DEBUG - [VPS] Published to iot/Gateway1/telemetry
2025-10-24 23:57:57,802 - gateway - DEBUG - [TELEMETRY] temp_01: temp_update
2025-10-24 23:57:57,803 - gateway - DEBUG - [VPS] Published to iot/Gateway1/telemetry
2025-10-24 23:58:27,804 - gateway - DEBUG - [TELEMETRY] temp_01: temp_update
2025-10-24 23:58:27,804 - gateway - DEBUG - [VPS] Published to iot/Gateway1/telemetry
2025-10-24 23:58:57,804 - gateway - DEBUG - [TELEMETRY] temp_01: temp_update
2025-10-24 23:58:57,804 - gateway - DEBUG - [VPS] Published to iot/Gateway1/telemetry
2025-10-24 23:59:27,808 - gateway - DEBUG - [TELEMETRY] temp_01: temp_update
2025-10-24 23:59:27,809 - gateway - DEBUG - [VPS] Published to iot/Gateway1/telemetry
2025-10-24 23:59:57,811 - gateway - DEBUG - [TELEMETRY] temp_01: temp_update
2025-10-24 23:59:57,811 - gateway - DEBUG - [VPS] Published to iot/Gateway1/telemetry
2025-10-25 00:00:27,805 - gateway - DEBUG - [TELEMETRY] temp_01: temp_update
2025-10-25 00:00:27,805 - gateway - DEBUG - [BUFFER] Message buffered (total: 1)
2025-10-25 00:00:41,062 - gateway - INFO - [STATS] RX: 51, TX: 51, Buffered: 1, Remote Cmds: 0, Auto Triggers: 50, Temp: 26.0°C, Fan: off, Local: OK, VPS: DOWN
2025-10-25 00:00:57,812 - gateway - DEBUG - [TELEMETRY] temp_01: temp_update
2025-10-25 00:00:57,813 - gateway - DEBUG - [BUFFER] Message buffered (total: 2)
2025-10-25 00:01:27,813 - gateway - DEBUG - [TELEMETRY] temp_01: temp_update
2025-10-25 00:01:27,813 - gateway - DEBUG - [BUFFER] Message buffered (total: 3)
2025-10-25 00:01:57,820 - gateway - DEBUG - [TELEMETRY] temp_01: temp_update
2025-10-25 00:01:57,820 - gateway - DEBUG - [BUFFER] Message buffered (total: 4)
2025-10-25 00:02:27,813 - gateway - DEBUG - [TELEMETRY] temp_01: temp_update
2025-10-25 00:02:27,813 - gateway - DEBUG - [BUFFER] Message buffered (total: 5)
2025-10-25 00:02:57,817 - gateway - DEBUG - [TELEMETRY] temp_01: temp_update
2025-10-25 00:02:57,817 - gateway - DEBUG - [BUFFER] Message buffered (total: 6)
2025-10-25 00:03:27,816 - gateway - DEBUG - [TELEMETRY] temp_01: temp_update
2025-10-25 00:03:27,816 - gateway - DEBUG - [BUFFER] Message buffered (total: 7)
2025-10-25 00:03:57,819 - gateway - DEBUG - [TELEMETRY] temp_01: temp_update
2025-10-25 00:03:57,819 - gateway - DEBUG - [BUFFER] Message buffered (total: 8)
2025-10-25 00:04:27,818 - gateway - DEBUG - [TELEMETRY] temp_01: temp_update
2025-10-25 00:04:27,818 - gateway - DEBUG - [BUFFER] Message buffered (total: 9)
2025-10-25 00:04:57,821 - gateway - DEBUG - [TELEMETRY] temp_01: temp_update
2025-10-25 00:04:57,822 - gateway - DEBUG - [BUFFER] Message buffered (total: 10)
2025-10-25 00:05:27,824 - gateway - DEBUG - [TELEMETRY] temp_01: temp_update
2025-10-25 00:05:27,824 - gateway - DEBUG - [BUFFER] Message buffered (total: 11)
2025-10-25 00:05:41,087 - gateway - INFO - [STATS] RX: 61, TX: 51, Buffered: 11, Remote Cmds: 0, Auto Triggers: 60, Temp: 26.0°C, Fan: off, Local: OK, VPS: DOWN
2025-10-25 00:05:57,825 - gateway - DEBUG - [TELEMETRY] temp_01: temp_update
2025-10-25 00:05:57,825 - gateway - DEBUG - [BUFFER] Message buffered (total: 12)
2025-10-25 00:06:27,822 - gateway - DEBUG - [TELEMETRY] temp_01: temp_update
2025-10-25 00:06:27,822 - gateway - DEBUG - [BUFFER] Message buffered (total: 13)
2025-10-25 00:06:57,825 - gateway - DEBUG - [TELEMETRY] temp_01: temp_update
2025-10-25 00:06:57,826 - gateway - DEBUG - [BUFFER] Message buffered (total: 14)
2025-10-25 00:07:27,827 - gateway - DEBUG - [TELEMETRY] temp_01: temp_update
2025-10-25 00:07:27,827 - gateway - DEBUG - [BUFFER] Message buffered (total: 15)
